\BOOKMARK [1][-]{section.1}{Part A}{}% 1
\BOOKMARK [2][-]{subsection.1.1}{Question 1}{section.1}% 2
\BOOKMARK [2][-]{subsection.1.2}{Question 2: K-Means Clustering}{section.1}% 3
\BOOKMARK [3][-]{subsubsection.1.2.1}{\(a\)}{subsection.1.2}% 4
\BOOKMARK [3][-]{subsubsection.1.2.2}{\(b + c\)}{subsection.1.2}% 5
\BOOKMARK [3][-]{subsubsection.1.2.3}{\(d\)}{subsection.1.2}% 6
\BOOKMARK [3][-]{subsubsection.1.2.4}{\(e\)}{subsection.1.2}% 7
\BOOKMARK [2][-]{subsection.1.3}{Question 3}{section.1}% 8
\BOOKMARK [3][-]{subsubsection.1.3.1}{\(a\)}{subsection.1.3}% 9
\BOOKMARK [3][-]{subsubsection.1.3.2}{\(b\)}{subsection.1.3}% 10
\BOOKMARK [3][-]{subsubsection.1.3.3}{\(c\)}{subsection.1.3}% 11
\BOOKMARK [1][-]{section.2}{Part B}{}% 12
\BOOKMARK [2][-]{subsection.2.1}{Question 4}{section.2}% 13
\BOOKMARK [2][-]{subsection.2.2}{Question 5}{section.2}% 14
\BOOKMARK [3][-]{subsubsection.2.2.1}{\(a\)}{subsection.2.2}% 15
\BOOKMARK [3][-]{subsubsection.2.2.2}{\(b\)}{subsection.2.2}% 16
\BOOKMARK [2][-]{subsection.2.3}{Question 6}{section.2}% 17
\BOOKMARK [3][-]{subsubsection.2.3.1}{\(a\)}{subsection.2.3}% 18
\BOOKMARK [3][-]{subsubsection.2.3.2}{\(b\)}{subsection.2.3}% 19
\BOOKMARK [3][-]{subsubsection.2.3.3}{\(c\)}{subsection.2.3}% 20
\BOOKMARK [3][-]{subsubsection.2.3.4}{\(d\)}{subsection.2.3}% 21
\BOOKMARK [3][-]{subsubsection.2.3.5}{\(e\)}{subsection.2.3}% 22
\BOOKMARK [3][-]{subsubsection.2.3.6}{\(f\)}{subsection.2.3}% 23
\BOOKMARK [3][-]{subsubsection.2.3.7}{\(g\)}{subsection.2.3}% 24
\BOOKMARK [2][-]{subsection.2.4}{Question 7}{section.2}% 25
